2013.03.18 15:31 B c:\ranchweb\test\16547.JPG --> ftp.a4jranch.com /public_html/test 16547.JPG
2013.03.19 10:43 B c:\ranchweb\blankets\4jcam1.jpg --> ftp.a4jranch.com /public_html/blankets 4jcam1.jpg
2013.03.19 10:43 B c:\ranchweb\blankets\4jcam10.jpg --> ftp.a4jranch.com /public_html/blankets 4jcam10.jpg
2013.03.19 10:43 B c:\ranchweb\blankets\4jcam11.jpg --> ftp.a4jranch.com /public_html/blankets 4jcam11.jpg
2013.03.19 10:43 B c:\ranchweb\blankets\4jcam12.jpg --> ftp.a4jranch.com /public_html/blankets 4jcam12.jpg
2013.03.19 10:43 B c:\ranchweb\blankets\4jcam13.jpg --> ftp.a4jranch.com /public_html/blankets 4jcam13.jpg
2013.03.19 10:43 B c:\ranchweb\blankets\4jcam14.jpg --> ftp.a4jranch.com /public_html/blankets 4jcam14.jpg
2013.03.19 10:43 B c:\ranchweb\blankets\4jcam2.jpg --> ftp.a4jranch.com /public_html/blankets 4jcam2.jpg
2013.03.19 10:43 B c:\ranchweb\blankets\4jcam3.jpg --> ftp.a4jranch.com /public_html/blankets 4jcam3.jpg
2013.03.19 10:43 B c:\ranchweb\blankets\4jcam4.jpg --> ftp.a4jranch.com /public_html/blankets 4jcam4.jpg
2013.03.19 10:43 B c:\ranchweb\blankets\4jcam5.jpg --> ftp.a4jranch.com /public_html/blankets 4jcam5.jpg
2013.03.19 10:43 B c:\ranchweb\blankets\4jcam6.jpg --> ftp.a4jranch.com /public_html/blankets 4jcam6.jpg
2013.03.19 10:44 B c:\ranchweb\blankets\4jcam7.jpg --> ftp.a4jranch.com /public_html/blankets 4jcam7.jpg
2013.03.19 10:44 B c:\ranchweb\blankets\4jcam8.jpg --> ftp.a4jranch.com /public_html/blankets 4jcam8.jpg
2013.03.19 10:44 B c:\ranchweb\blankets\4jcam9.jpg --> ftp.a4jranch.com /public_html/blankets 4jcam9.jpg
2013.03.19 10:44 B c:\ranchweb\blankets\index.html --> ftp.a4jranch.com /public_html/blankets index.html
2013.03.19 10:44 B c:\ranchweb\blankets\s1.jpg --> ftp.a4jranch.com /public_html/blankets s1.jpg
2013.03.19 10:44 B c:\ranchweb\blankets\s10.jpg --> ftp.a4jranch.com /public_html/blankets s10.jpg
2013.03.19 10:44 B c:\ranchweb\blankets\s11.jpg --> ftp.a4jranch.com /public_html/blankets s11.jpg
2013.03.19 10:44 B c:\ranchweb\blankets\s12.jpg --> ftp.a4jranch.com /public_html/blankets s12.jpg
2013.03.19 10:44 B c:\ranchweb\blankets\s13.jpg --> ftp.a4jranch.com /public_html/blankets s13.jpg
2013.03.19 10:44 B c:\ranchweb\blankets\s14.jpg --> ftp.a4jranch.com /public_html/blankets s14.jpg
2013.03.19 10:44 B c:\ranchweb\blankets\s2.jpg --> ftp.a4jranch.com /public_html/blankets s2.jpg
2013.03.19 10:44 B c:\ranchweb\blankets\s3.jpg --> ftp.a4jranch.com /public_html/blankets s3.jpg
2013.03.19 10:44 B c:\ranchweb\blankets\s4.jpg --> ftp.a4jranch.com /public_html/blankets s4.jpg
2013.03.19 10:44 B c:\ranchweb\blankets\s5.jpg --> ftp.a4jranch.com /public_html/blankets s5.jpg
2013.03.19 10:44 B c:\ranchweb\blankets\s6.jpg --> ftp.a4jranch.com /public_html/blankets s6.jpg
2013.03.19 10:44 B c:\ranchweb\blankets\s7.jpg --> ftp.a4jranch.com /public_html/blankets s7.jpg
2013.03.19 10:44 B c:\ranchweb\blankets\s8.jpg --> ftp.a4jranch.com /public_html/blankets s8.jpg
2013.03.19 10:44 B c:\ranchweb\blankets\s9.jpg --> ftp.a4jranch.com /public_html/blankets s9.jpg
2013.03.19 10:44 B c:\ranchweb\blankets\Thumbs.db --> ftp.a4jranch.com /public_html/blankets Thumbs.db
2013.03.19 10:44 B c:\ranchweb\blankets\WS_FTP.LOG --> ftp.a4jranch.com /public_html/blankets WS_FTP.LOG
