2010.04.22 16:53 B c:\ranchweb\denmark\copehagenlogo.gif <-- A 4 J Ranch /denmark copehagenlogo.gif
2010.04.22 16:53 B c:\ranchweb\denmark\denmark.jpg <-- A 4 J Ranch /denmark denmark.jpg
2010.04.22 16:53 B c:\ranchweb\denmark\denmarkcam.gif <-- A 4 J Ranch /denmark denmarkcam.gif
2010.04.22 16:53 B c:\ranchweb\denmark\denmarklogo.gif <-- A 4 J Ranch /denmark denmarklogo.gif
2010.04.22 16:53 B c:\ranchweb\denmark\denmarkmap.jpg <-- A 4 J Ranch /denmark denmarkmap.jpg
2010.04.22 16:53 B c:\ranchweb\denmark\dk@bar.jpg <-- A 4 J Ranch /denmark dk@bar.jpg
2010.04.22 16:53 B c:\ranchweb\denmark\dkemblem.gif <-- A 4 J Ranch /denmark dkemblem.gif
2010.04.22 16:53 B c:\ranchweb\denmark\dklogoside.gif <-- A 4 J Ranch /denmark dklogoside.gif
2010.04.22 16:53 B c:\ranchweb\denmark\dknews.jpg <-- A 4 J Ranch /denmark dknews.jpg
2010.04.22 16:53 B c:\ranchweb\denmark\fireplac.gif <-- A 4 J Ranch /denmark fireplac.gif
2010.04.22 16:53 B c:\ranchweb\denmark\harbormiddelfart.JPG <-- A 4 J Ranch /denmark harbormiddelfart.JPG
2010.04.22 16:53 B c:\ranchweb\denmark\havnesamso.jpg <-- A 4 J Ranch /denmark havnesamso.jpg
2010.04.22 16:53 B c:\ranchweb\denmark\index.html <-- A 4 J Ranch /denmark index.html
2010.04.22 16:53 B c:\ranchweb\denmark\middelfartlogo.gif <-- A 4 J Ranch /denmark middelfartlogo.gif
2010.04.22 16:53 B c:\ranchweb\denmark\samsologo.jpg <-- A 4 J Ranch /denmark samsologo.jpg
2010.04.22 16:53 B c:\ranchweb\denmark\shipmiddelfart.gif <-- A 4 J Ranch /denmark shipmiddelfart.gif
2010.04.22 16:53 B c:\ranchweb\denmark\shipmiddelfart.jpg <-- A 4 J Ranch /denmark shipmiddelfart.jpg
2010.04.22 16:53 B c:\ranchweb\denmark\shipsamso.gif <-- A 4 J Ranch /denmark shipsamso.gif
2010.04.22 16:53 B c:\ranchweb\denmark\shipsamso.jpg <-- A 4 J Ranch /denmark shipsamso.jpg
2010.10.10 10:06 B c:\ranchweb\denmark\index.html --> ftp.a4jranch.com /denmark index.html
2010.10.10 10:16 B c:\ranchweb\denmark\index.html --> ftp.a4jranch.com /denmark index.html
2011.02.04 09:04 B c:\ranchweb\denmark\index.html --> ftp.a4jranch.com /denmark index.html
