2011.02.05 16:09 B c:\ranchweb\superbowl\index.htm --> ftp.a4jranch.com /superbowl index.htm
2011.02.05 16:12 B c:\ranchweb\superbowl\superbowl.png --> ftp.a4jranch.com /superbowl superbowl.png
2011.02.05 16:15 B c:\ranchweb\superbowl\superbowl.JPG --> ftp.a4jranch.com /superbowl superbowl.JPG
2011.02.05 16:17 B c:\ranchweb\superbowl\index.htm --> ftp.a4jranch.com /superbowl index.htm
2011.02.05 16:25 B c:\ranchweb\superbowl\index.htm --> ftp.a4jranch.com /superbowl index.htm
2011.02.05 16:32 B c:\ranchweb\superbowl\superbowl.mp3 --> ftp.a4jranch.com /superbowl superbowl.mp3
2011.02.05 16:32 B c:\ranchweb\superbowl\index.htm --> ftp.a4jranch.com /superbowl index.htm
2011.02.05 16:42 B c:\ranchweb\superbowl\index.htm --> ftp.a4jranch.com /superbowl index.htm
2011.02.05 16:54 B c:\ranchweb\superbowl\index.htm --> ftp.a4jranch.com /superbowl index.htm
2011.02.05 17:35 B c:\ranchweb\wisconsin\index.htm --> ftp.a4jranch.com /wisconsin index.htm
2011.02.05 17:35 B c:\ranchweb\wisconsin\superbowl.JPG --> ftp.a4jranch.com /wisconsin superbowl.JPG
2011.02.05 17:37 B c:\ranchweb\wisconsin\superbowl.mp3 --> ftp.a4jranch.com /wisconsin superbowl.mp3
2011.02.05 17:37 B c:\ranchweb\wisconsin\WS_FTP.LOG --> ftp.a4jranch.com /wisconsin WS_FTP.LOG
2011.02.06 06:56 B c:\ranchweb\wisconsin\index.htm --> ftp.a4jranch.com /wisconsin index.htm
2011.02.06 07:09 B c:\ranchweb\wisconsin\anim_timeglass.gif --> ftp.a4jranch.com /wisconsin anim_timeglass.gif
2011.02.06 07:09 B c:\ranchweb\wisconsin\index.htm --> ftp.a4jranch.com /wisconsin index.htm
2011.02.06 08:58 B c:\ranchweb\wisconsin\index.htm --> ftp.a4jranch.com /wisconsin index.htm
2012.08.29 11:08 B c:\ranchweb\wisconsin\anim_timeglass.gif --> ftp.a4jranch.com /public_html/wisconsin anim_timeglass.gif
2012.08.29 11:08 B c:\ranchweb\wisconsin\bar1.gif --> ftp.a4jranch.com /public_html/wisconsin bar1.gif
2012.08.29 11:08 B c:\ranchweb\wisconsin\index.htm --> ftp.a4jranch.com /public_html/wisconsin index.htm
2012.08.29 11:08 B c:\ranchweb\wisconsin\superbowl.JPG --> ftp.a4jranch.com /public_html/wisconsin superbowl.JPG
2012.08.29 11:10 B c:\ranchweb\wisconsin\superbowl.mp3 --> ftp.a4jranch.com /public_html/wisconsin superbowl.mp3
2012.08.29 11:10 B c:\ranchweb\wisconsin\Thumbs.db --> ftp.a4jranch.com /public_html/wisconsin Thumbs.db
2012.08.29 11:10 B c:\ranchweb\wisconsin\WS_FTP.LOG --> ftp.a4jranch.com /public_html/wisconsin WS_FTP.LOG
