2010.04.22 16:56 B c:\ranchweb\entry\14 010.jpg <-- A 4 J Ranch /entry 14 010.jpg
2010.04.22 16:56 B c:\ranchweb\entry\14 012.jpg <-- A 4 J Ranch /entry 14 012.jpg
2010.04.22 16:56 B c:\ranchweb\entry\14 014.jpg <-- A 4 J Ranch /entry 14 014.jpg
2010.04.22 16:56 B c:\ranchweb\entry\14 016.jpg <-- A 4 J Ranch /entry 14 016.jpg
2010.04.22 16:56 B c:\ranchweb\entry\14 018.jpg <-- A 4 J Ranch /entry 14 018.jpg
2010.04.22 16:56 B c:\ranchweb\entry\14 020.jpg <-- A 4 J Ranch /entry 14 020.jpg
2010.04.22 16:56 B c:\ranchweb\entry\14 022.jpg <-- A 4 J Ranch /entry 14 022.jpg
2010.04.22 16:56 B c:\ranchweb\entry\14 024.jpg <-- A 4 J Ranch /entry 14 024.jpg
2010.04.22 16:56 B c:\ranchweb\entry\14 026.jpg <-- A 4 J Ranch /entry 14 026.jpg
2010.04.22 16:56 B c:\ranchweb\entry\14 028.jpg <-- A 4 J Ranch /entry 14 028.jpg
2010.04.22 16:56 B c:\ranchweb\entry\image_1.gif <-- A 4 J Ranch /entry image_1.gif
2010.04.22 16:56 B c:\ranchweb\entry\image_1.jpg <-- A 4 J Ranch /entry image_1.jpg
2010.04.22 16:56 B c:\ranchweb\entry\image_2.gif <-- A 4 J Ranch /entry image_2.gif
2010.04.22 16:56 B c:\ranchweb\entry\image_2.jpg <-- A 4 J Ranch /entry image_2.jpg
2010.04.22 16:56 B c:\ranchweb\entry\image_3.gif <-- A 4 J Ranch /entry image_3.gif
2010.04.22 16:56 B c:\ranchweb\entry\image_3.jpg <-- A 4 J Ranch /entry image_3.jpg
2010.04.22 16:56 B c:\ranchweb\entry\image_4.gif <-- A 4 J Ranch /entry image_4.gif
2010.04.22 16:56 B c:\ranchweb\entry\image_4.jpg <-- A 4 J Ranch /entry image_4.jpg
2010.04.22 16:56 B c:\ranchweb\entry\image_5.gif <-- A 4 J Ranch /entry image_5.gif
2010.04.22 16:56 B c:\ranchweb\entry\image_5.jpg <-- A 4 J Ranch /entry image_5.jpg
2010.04.22 16:57 B c:\ranchweb\entry\index.htm <-- A 4 J Ranch /entry index.htm
2011.01.01 14:47 B c:\ranchweb\entry\14 010.jpg --> ftp.a4jranch.com /entry 14 010.jpg
2011.01.01 14:47 B c:\ranchweb\entry\14 012.jpg --> ftp.a4jranch.com /entry 14 012.jpg
2011.01.01 14:47 B c:\ranchweb\entry\14 014.jpg --> ftp.a4jranch.com /entry 14 014.jpg
2011.01.01 14:47 B c:\ranchweb\entry\14 016.jpg --> ftp.a4jranch.com /entry 14 016.jpg
2011.01.01 14:47 B c:\ranchweb\entry\14 018.jpg --> ftp.a4jranch.com /entry 14 018.jpg
2011.01.01 14:47 B c:\ranchweb\entry\14 020.jpg --> ftp.a4jranch.com /entry 14 020.jpg
2011.01.01 14:47 B c:\ranchweb\entry\14 022.jpg --> ftp.a4jranch.com /entry 14 022.jpg
2011.01.01 14:47 B c:\ranchweb\entry\14 024.jpg --> ftp.a4jranch.com /entry 14 024.jpg
2011.01.01 14:47 B c:\ranchweb\entry\14 026.jpg --> ftp.a4jranch.com /entry 14 026.jpg
2011.01.01 14:47 B c:\ranchweb\entry\14 028.jpg --> ftp.a4jranch.com /entry 14 028.jpg
2011.01.01 14:48 B c:\ranchweb\entry\image_1.gif --> ftp.a4jranch.com /entry image_1.gif
2011.01.01 14:48 B c:\ranchweb\entry\image_1.jpg --> ftp.a4jranch.com /entry image_1.jpg
2011.01.01 14:48 B c:\ranchweb\entry\image_2.gif --> ftp.a4jranch.com /entry image_2.gif
2011.01.01 14:48 B c:\ranchweb\entry\image_2.jpg --> ftp.a4jranch.com /entry image_2.jpg
2011.01.01 14:48 B c:\ranchweb\entry\image_3.gif --> ftp.a4jranch.com /entry image_3.gif
2011.01.01 14:48 B c:\ranchweb\entry\image_3.jpg --> ftp.a4jranch.com /entry image_3.jpg
2011.01.01 14:48 B c:\ranchweb\entry\image_4.gif --> ftp.a4jranch.com /entry image_4.gif
2011.01.01 14:48 B c:\ranchweb\entry\image_4.jpg --> ftp.a4jranch.com /entry image_4.jpg
2011.01.01 14:48 B c:\ranchweb\entry\image_5.gif --> ftp.a4jranch.com /entry image_5.gif
2011.01.01 14:48 B c:\ranchweb\entry\image_5.jpg --> ftp.a4jranch.com /entry image_5.jpg
2011.01.01 14:48 B c:\ranchweb\entry\image_6.gif --> ftp.a4jranch.com /entry image_6.gif
2011.01.01 14:48 B c:\ranchweb\entry\image_6.jpg --> ftp.a4jranch.com /entry image_6.jpg
2011.01.01 14:48 B c:\ranchweb\entry\image_7.jpg --> ftp.a4jranch.com /entry image_7.jpg
2011.01.01 14:48 B c:\ranchweb\entry\image_8.jpg --> ftp.a4jranch.com /entry image_8.jpg
2011.01.01 14:48 B c:\ranchweb\entry\index.htm --> ftp.a4jranch.com /entry index.htm
2011.01.01 14:48 B c:\ranchweb\entry\Thumbs.db --> ftp.a4jranch.com /entry Thumbs.db
2011.01.01 14:48 B c:\ranchweb\entry\WS_FTP.LOG --> ftp.a4jranch.com /entry WS_FTP.LOG
2011.01.01 14:53 B c:\ranchweb\entry\14 010.jpg --> ftp.a4jranch.com /entry 14 010.jpg
2011.01.01 14:53 B c:\ranchweb\entry\14 012.jpg --> ftp.a4jranch.com /entry 14 012.jpg
2011.01.01 15:03 B c:\ranchweb\entry\index.htm --> ftp.a4jranch.com /entry index.htm
2011.01.02 11:31 B c:\ranchweb\entry\index.htm --> ftp.a4jranch.com /entry index.htm
2011.01.02 11:33 B c:\ranchweb\entry\index.htm --> ftp.a4jranch.com /entry index.htm
2011.01.06 17:20 B c:\ranchweb\entry\image_9.jpg --> ftp.a4jranch.com /entry image_9.jpg
2011.01.06 17:20 B c:\ranchweb\entry\image_10.jpg --> ftp.a4jranch.com /entry image_10.jpg
2011.01.06 17:20 B c:\ranchweb\entry\index.htm --> ftp.a4jranch.com /entry index.htm
2011.01.06 17:29 B c:\ranchweb\entry\index.htm --> ftp.a4jranch.com /entry index.htm
2011.01.06 17:31 B c:\ranchweb\entry\image_1.jpg --> ftp.a4jranch.com /entry image_1.jpg
2011.01.06 17:32 B c:\ranchweb\entry\image_2.jpg --> ftp.a4jranch.com /entry image_2.jpg
2011.01.06 17:32 B c:\ranchweb\entry\image_3.jpg --> ftp.a4jranch.com /entry image_3.jpg
2011.01.06 17:32 B c:\ranchweb\entry\image_4.jpg --> ftp.a4jranch.com /entry image_4.jpg
2011.01.06 17:32 B c:\ranchweb\entry\image_5.jpg --> ftp.a4jranch.com /entry image_5.jpg
2011.01.06 17:32 B c:\ranchweb\entry\image_6.jpg --> ftp.a4jranch.com /entry image_6.jpg
2011.01.06 17:32 B c:\ranchweb\entry\image_7.jpg --> ftp.a4jranch.com /entry image_7.jpg
2011.01.06 17:32 B c:\ranchweb\entry\image_8.jpg --> ftp.a4jranch.com /entry image_8.jpg
2011.01.06 17:41 B c:\ranchweb\entry\image_1.jpg --> ftp.a4jranch.com /entry image_1.jpg
2011.01.06 17:41 B c:\ranchweb\entry\image_10.jpg --> ftp.a4jranch.com /entry image_10.jpg
2011.01.06 17:41 B c:\ranchweb\entry\image_2.jpg --> ftp.a4jranch.com /entry image_2.jpg
2011.01.06 17:41 B c:\ranchweb\entry\image_3.jpg --> ftp.a4jranch.com /entry image_3.jpg
2011.01.06 17:41 B c:\ranchweb\entry\image_4.jpg --> ftp.a4jranch.com /entry image_4.jpg
2011.01.06 17:41 B c:\ranchweb\entry\image_5.jpg --> ftp.a4jranch.com /entry image_5.jpg
2011.01.06 17:42 B c:\ranchweb\entry\image_6.jpg --> ftp.a4jranch.com /entry image_6.jpg
2011.01.06 17:42 B c:\ranchweb\entry\image_7.jpg --> ftp.a4jranch.com /entry image_7.jpg
2011.01.06 17:42 B c:\ranchweb\entry\image_8.jpg --> ftp.a4jranch.com /entry image_8.jpg
2011.01.06 17:42 B c:\ranchweb\entry\image_9.jpg --> ftp.a4jranch.com /entry image_9.jpg
2011.01.06 17:47 B c:\ranchweb\entry\index.htm --> ftp.a4jranch.com /entry index.htm
2011.01.08 13:29 B c:\ranchweb\entry\image_1.jpg --> ftp.a4jranch.com /entry image_1.jpg
2011.01.08 13:29 B c:\ranchweb\entry\image_10.jpg --> ftp.a4jranch.com /entry image_10.jpg
2011.01.08 13:29 B c:\ranchweb\entry\image_2.jpg --> ftp.a4jranch.com /entry image_2.jpg
2011.01.08 13:29 B c:\ranchweb\entry\image_3.jpg --> ftp.a4jranch.com /entry image_3.jpg
2011.01.08 13:32 B c:\ranchweb\entry\image_10.jpg --> ftp.a4jranch.com /entry image_10.jpg
2011.01.08 13:32 B c:\ranchweb\entry\index.htm --> ftp.a4jranch.com /entry index.htm
2011.01.09 11:28 B c:\ranchweb\entry\homerange.mp3 --> ftp.a4jranch.com /entry homerange.mp3
2011.01.09 11:28 B c:\ranchweb\entry\index.htm --> ftp.a4jranch.com /entry index.htm
2011.01.09 11:36 B c:\ranchweb\entry\index.htm --> ftp.a4jranch.com /entry index.htm
2011.02.04 08:51 B c:\ranchweb\entry\index.htm --> ftp.a4jranch.com /entry index.htm
2011.05.08 14:12 B c:\ranchweb\entry\image_10.jpg --> ftp.a4jranch.com /public_html/entry image_10.jpg
2011.05.08 14:12 B c:\ranchweb\entry\image_11.jpg --> ftp.a4jranch.com /public_html/entry image_11.jpg
2011.05.08 14:13 B c:\ranchweb\entry\image_12.jpg --> ftp.a4jranch.com /public_html/entry image_12.jpg
2011.05.08 14:13 B c:\ranchweb\entry\image_13.jpg --> ftp.a4jranch.com /public_html/entry image_13.jpg
2011.05.08 14:13 B c:\ranchweb\entry\image_14.jpg --> ftp.a4jranch.com /public_html/entry image_14.jpg
2011.05.08 14:13 B c:\ranchweb\entry\image_15.jpg --> ftp.a4jranch.com /public_html/entry image_15.jpg
2011.05.08 14:13 B c:\ranchweb\entry\image_16.jpg --> ftp.a4jranch.com /public_html/entry image_16.jpg
2011.05.08 14:13 B c:\ranchweb\entry\image_17.jpg --> ftp.a4jranch.com /public_html/entry image_17.jpg
2011.05.08 14:13 B c:\ranchweb\entry\image_18.jpg --> ftp.a4jranch.com /public_html/entry image_18.jpg
2011.05.08 14:13 B c:\ranchweb\entry\image_19.jpg --> ftp.a4jranch.com /public_html/entry image_19.jpg
2011.05.08 14:14 B c:\ranchweb\entry\image_20.jpg --> ftp.a4jranch.com /public_html/entry image_20.jpg
2011.05.08 14:14 B c:\ranchweb\entry\image_3.jpg --> ftp.a4jranch.com /public_html/entry image_3.jpg
2011.05.08 14:14 B c:\ranchweb\entry\image_4.jpg --> ftp.a4jranch.com /public_html/entry image_4.jpg
2011.05.08 14:14 B c:\ranchweb\entry\image_5.jpg --> ftp.a4jranch.com /public_html/entry image_5.jpg
2011.05.08 14:14 B c:\ranchweb\entry\image_6.jpg --> ftp.a4jranch.com /public_html/entry image_6.jpg
2011.05.08 14:14 B c:\ranchweb\entry\image_7.jpg --> ftp.a4jranch.com /public_html/entry image_7.jpg
2011.05.08 14:14 B c:\ranchweb\entry\image_8.jpg --> ftp.a4jranch.com /public_html/entry image_8.jpg
2011.05.08 14:14 B c:\ranchweb\entry\image_9.jpg --> ftp.a4jranch.com /public_html/entry image_9.jpg
2011.05.08 14:15 B c:\ranchweb\entry\index.htm --> ftp.a4jranch.com /public_html/entry index.htm
2011.05.09 08:02 B c:\ranchweb\entry\image_9.jpg <-- A 4 J Ranch /public_html/entry image_9.jpg
2011.12.23 11:18 B c:\ranchweb\holidays\homerange.mp3 --> ftp.a4jranch.com /public_html/holidays homerange.mp3
2011.12.23 11:18 B c:\ranchweb\holidays\image_1.jpg --> ftp.a4jranch.com /public_html/holidays image_1.jpg
2011.12.23 11:18 B c:\ranchweb\holidays\image_10.jpg --> ftp.a4jranch.com /public_html/holidays image_10.jpg
2011.12.23 11:19 B c:\ranchweb\holidays\image_11.jpg --> ftp.a4jranch.com /public_html/holidays image_11.jpg
2011.12.23 11:19 B c:\ranchweb\holidays\image_12.jpg --> ftp.a4jranch.com /public_html/holidays image_12.jpg
2011.12.23 11:19 B c:\ranchweb\holidays\image_2.jpg --> ftp.a4jranch.com /public_html/holidays image_2.jpg
2011.12.23 11:20 B c:\ranchweb\holidays\image_3.jpg --> ftp.a4jranch.com /public_html/holidays image_3.jpg
2011.12.23 11:20 B c:\ranchweb\holidays\image_4.jpg --> ftp.a4jranch.com /public_html/holidays image_4.jpg
2011.12.23 11:20 B c:\ranchweb\holidays\image_5.jpg --> ftp.a4jranch.com /public_html/holidays image_5.jpg
2011.12.23 11:20 B c:\ranchweb\holidays\image_6.jpg --> ftp.a4jranch.com /public_html/holidays image_6.jpg
2011.12.23 11:21 B c:\ranchweb\holidays\image_7.jpg --> ftp.a4jranch.com /public_html/holidays image_7.jpg
2011.12.23 11:21 B c:\ranchweb\holidays\image_8.jpg --> ftp.a4jranch.com /public_html/holidays image_8.jpg
2011.12.23 11:21 B c:\ranchweb\holidays\image_9.jpg --> ftp.a4jranch.com /public_html/holidays image_9.jpg
2011.12.23 11:21 B c:\ranchweb\holidays\index.htm --> ftp.a4jranch.com /public_html/holidays index.htm
2011.12.23 11:21 B c:\ranchweb\holidays\music.txt --> ftp.a4jranch.com /public_html/holidays music.txt
2011.12.23 11:21 B c:\ranchweb\holidays\sky2.jpg --> ftp.a4jranch.com /public_html/holidays sky2.jpg
2011.12.23 11:21 B c:\ranchweb\holidays\time.txt --> ftp.a4jranch.com /public_html/holidays time.txt
2011.12.23 11:24 B c:\ranchweb\holidays\WhiteChristmas.mp3 --> ftp.a4jranch.com /public_html/holidays WhiteChristmas.mp3
2011.12.23 11:24 B c:\ranchweb\holidays\WS_FTP.LOG --> ftp.a4jranch.com /public_html/holidays WS_FTP.LOG
2011.12.23 11:35 B c:\ranchweb\holidays\index.htm --> ftp.a4jranch.com /public_html/holidays index.htm
2011.12.23 11:40 B c:\ranchweb\holidays\index.htm --> ftp.a4jranch.com /public_html/holidays index.htm
2011.12.23 11:43 B c:\ranchweb\holidays\index.htm --> ftp.a4jranch.com /public_html/holidays index.htm
2011.12.23 11:46 B c:\ranchweb\holidays\index.htm --> ftp.a4jranch.com /public_html/holidays index.htm
2011.12.23 11:49 B c:\ranchweb\holidays\index.htm --> ftp.a4jranch.com /public_html/holidays index.htm
2011.12.23 11:51 B c:\ranchweb\holidays\index.htm --> ftp.a4jranch.com /public_html/holidays index.htm
2011.12.23 12:07 B c:\ranchweb\holidays\homerange.mp3 --> ftp.a4jranch.com /public_html/holidays homerange.mp3
2011.12.23 12:07 B c:\ranchweb\holidays\index.htm --> ftp.a4jranch.com /public_html/holidays index.htm
2011.12.23 12:08 B c:\ranchweb\holidays\index.htm --> ftp.a4jranch.com /public_html/holidays index.htm
2011.12.23 12:11 B c:\ranchweb\holidays\image_13.jpg --> ftp.a4jranch.com /public_html/holidays image_13.jpg
2011.12.23 12:11 B c:\ranchweb\holidays\image_14.jpg --> ftp.a4jranch.com /public_html/holidays image_14.jpg
2011.12.23 12:11 B c:\ranchweb\holidays\image_15.jpg --> ftp.a4jranch.com /public_html/holidays image_15.jpg
2011.12.23 12:21 B c:\ranchweb\holidays\homerange.mp3 --> ftp.a4jranch.com /public_html/holidays homerange.mp3
2011.12.23 12:22 B c:\ranchweb\holidays\index.htm --> ftp.a4jranch.com /public_html/holidays index.htm
2011.12.23 15:26 B c:\ranchweb\holidays\image_16.jpg --> ftp.a4jranch.com /public_html/holidays image_16.jpg
2011.12.23 15:27 B c:\ranchweb\holidays\index.htm --> ftp.a4jranch.com /public_html/holidays index.htm
2011.12.24 08:09 B c:\ranchweb\holidays\homerange.mp3 --> ftp.a4jranch.com /public_html/holidays homerange.mp3
2011.12.24 08:10 B c:\ranchweb\holidays\image_1.jpg --> ftp.a4jranch.com /public_html/holidays image_1.jpg
2011.12.24 08:10 B c:\ranchweb\holidays\image_10.jpg --> ftp.a4jranch.com /public_html/holidays image_10.jpg
2011.12.24 08:10 B c:\ranchweb\holidays\image_11.jpg --> ftp.a4jranch.com /public_html/holidays image_11.jpg
2011.12.24 08:10 B c:\ranchweb\holidays\image_12.jpg --> ftp.a4jranch.com /public_html/holidays image_12.jpg
2011.12.24 08:10 B c:\ranchweb\holidays\image_13.jpg --> ftp.a4jranch.com /public_html/holidays image_13.jpg
2011.12.24 08:11 B c:\ranchweb\holidays\image_14.jpg --> ftp.a4jranch.com /public_html/holidays image_14.jpg
2011.12.24 08:11 B c:\ranchweb\holidays\image_15.jpg --> ftp.a4jranch.com /public_html/holidays image_15.jpg
2011.12.24 08:11 B c:\ranchweb\holidays\image_16.jpg --> ftp.a4jranch.com /public_html/holidays image_16.jpg
2011.12.24 08:11 B c:\ranchweb\holidays\image_2.jpg --> ftp.a4jranch.com /public_html/holidays image_2.jpg
2011.12.24 08:12 B c:\ranchweb\holidays\image_3.jpg --> ftp.a4jranch.com /public_html/holidays image_3.jpg
2011.12.24 08:12 B c:\ranchweb\holidays\image_4.jpg --> ftp.a4jranch.com /public_html/holidays image_4.jpg
2011.12.24 08:12 B c:\ranchweb\holidays\image_5.jpg --> ftp.a4jranch.com /public_html/holidays image_5.jpg
2011.12.24 08:12 B c:\ranchweb\holidays\image_6.jpg --> ftp.a4jranch.com /public_html/holidays image_6.jpg
2011.12.24 08:12 B c:\ranchweb\holidays\image_7.jpg --> ftp.a4jranch.com /public_html/holidays image_7.jpg
2011.12.24 08:13 B c:\ranchweb\holidays\image_8.jpg --> ftp.a4jranch.com /public_html/holidays image_8.jpg
2011.12.24 08:13 B c:\ranchweb\holidays\image_9.jpg --> ftp.a4jranch.com /public_html/holidays image_9.jpg
2011.12.24 08:13 B c:\ranchweb\holidays\index.htm --> ftp.a4jranch.com /public_html/holidays index.htm
2011.12.24 08:13 B c:\ranchweb\holidays\WS_FTP.LOG --> ftp.a4jranch.com /public_html/holidays WS_FTP.LOG
2011.12.24 11:12 B c:\ranchweb\holidays\happyholidays.gif --> ftp.a4jranch.com /public_html happyholidays.gif
2011.12.24 12:01 B c:\ranchweb\holidays\image_1.jpg --> ftp.a4jranch.com /public_html/holidays image_1.jpg
2011.12.24 12:01 B c:\ranchweb\holidays\image_10.jpg --> ftp.a4jranch.com /public_html/holidays image_10.jpg
2011.12.24 12:02 B c:\ranchweb\holidays\image_11.jpg --> ftp.a4jranch.com /public_html/holidays image_11.jpg
2011.12.24 12:02 B c:\ranchweb\holidays\image_12.jpg --> ftp.a4jranch.com /public_html/holidays image_12.jpg
2011.12.24 12:02 B c:\ranchweb\holidays\image_13.jpg --> ftp.a4jranch.com /public_html/holidays image_13.jpg
2011.12.24 12:02 B c:\ranchweb\holidays\image_14.jpg --> ftp.a4jranch.com /public_html/holidays image_14.jpg
2011.12.24 12:02 B c:\ranchweb\holidays\image_15.jpg --> ftp.a4jranch.com /public_html/holidays image_15.jpg
2011.12.24 12:02 B c:\ranchweb\holidays\image_16.jpg --> ftp.a4jranch.com /public_html/holidays image_16.jpg
2011.12.24 12:02 B c:\ranchweb\holidays\image_17.jpg --> ftp.a4jranch.com /public_html/holidays image_17.jpg
2011.12.24 12:02 B c:\ranchweb\holidays\image_18.jpg --> ftp.a4jranch.com /public_html/holidays image_18.jpg
2011.12.24 12:02 B c:\ranchweb\holidays\image_19.jpg --> ftp.a4jranch.com /public_html/holidays image_19.jpg
2011.12.24 12:03 B c:\ranchweb\holidays\image_2.jpg --> ftp.a4jranch.com /public_html/holidays image_2.jpg
2011.12.24 12:03 B c:\ranchweb\holidays\image_20.jpg --> ftp.a4jranch.com /public_html/holidays image_20.jpg
2011.12.24 12:03 B c:\ranchweb\holidays\image_21.jpg --> ftp.a4jranch.com /public_html/holidays image_21.jpg
2011.12.24 12:03 B c:\ranchweb\holidays\image_22.jpg --> ftp.a4jranch.com /public_html/holidays image_22.jpg
2011.12.24 12:03 B c:\ranchweb\holidays\image_23.jpg --> ftp.a4jranch.com /public_html/holidays image_23.jpg
2011.12.24 12:03 B c:\ranchweb\holidays\image_24.jpg --> ftp.a4jranch.com /public_html/holidays image_24.jpg
2011.12.24 12:03 B c:\ranchweb\holidays\image_25.jpg --> ftp.a4jranch.com /public_html/holidays image_25.jpg
2011.12.24 12:03 B c:\ranchweb\holidays\image_3.jpg --> ftp.a4jranch.com /public_html/holidays image_3.jpg
2011.12.24 12:04 B c:\ranchweb\holidays\image_4.jpg --> ftp.a4jranch.com /public_html/holidays image_4.jpg
2011.12.24 12:04 B c:\ranchweb\holidays\image_5.jpg --> ftp.a4jranch.com /public_html/holidays image_5.jpg
2011.12.24 12:04 B c:\ranchweb\holidays\image_6.jpg --> ftp.a4jranch.com /public_html/holidays image_6.jpg
2011.12.24 12:04 B c:\ranchweb\holidays\image_7.jpg --> ftp.a4jranch.com /public_html/holidays image_7.jpg
2011.12.24 12:04 B c:\ranchweb\holidays\image_8.jpg --> ftp.a4jranch.com /public_html/holidays image_8.jpg
2011.12.24 12:04 B c:\ranchweb\holidays\image_9.jpg --> ftp.a4jranch.com /public_html/holidays image_9.jpg
2011.12.24 12:04 B c:\ranchweb\holidays\index.htm --> ftp.a4jranch.com /public_html/holidays index.htm
2011.12.24 12:13 B c:\ranchweb\holidays\image_14.jpg --> ftp.a4jranch.com /public_html/holidays image_14.jpg
2011.12.24 12:13 B c:\ranchweb\holidays\image_15.jpg --> ftp.a4jranch.com /public_html/holidays image_15.jpg
2011.12.24 12:13 B c:\ranchweb\holidays\image_16.jpg --> ftp.a4jranch.com /public_html/holidays image_16.jpg
2011.12.24 12:13 B c:\ranchweb\holidays\image_17.jpg --> ftp.a4jranch.com /public_html/holidays image_17.jpg
2011.12.24 12:13 B c:\ranchweb\holidays\image_18.jpg --> ftp.a4jranch.com /public_html/holidays image_18.jpg
2011.12.24 12:13 B c:\ranchweb\holidays\image_19.jpg --> ftp.a4jranch.com /public_html/holidays image_19.jpg
2011.12.24 12:13 B c:\ranchweb\holidays\image_2.jpg --> ftp.a4jranch.com /public_html/holidays image_2.jpg
2011.12.24 12:13 B c:\ranchweb\holidays\image_20.jpg --> ftp.a4jranch.com /public_html/holidays image_20.jpg
2011.12.24 12:13 B c:\ranchweb\holidays\image_21.jpg --> ftp.a4jranch.com /public_html/holidays image_21.jpg
2011.12.24 12:13 B c:\ranchweb\holidays\image_22.jpg --> ftp.a4jranch.com /public_html/holidays image_22.jpg
2011.12.24 12:14 B c:\ranchweb\holidays\image_23.jpg --> ftp.a4jranch.com /public_html/holidays image_23.jpg
2011.12.24 12:14 B c:\ranchweb\holidays\image_24.jpg --> ftp.a4jranch.com /public_html/holidays image_24.jpg
2011.12.24 12:14 B c:\ranchweb\holidays\image_25.jpg --> ftp.a4jranch.com /public_html/holidays image_25.jpg
2011.12.24 12:19 B c:\ranchweb\holidays\homerange.mp3 --> ftp.a4jranch.com /public_html/holidays homerange.mp3
2011.12.24 12:28 B c:\ranchweb\holidays\homerange.mp3 --> ftp.a4jranch.com /public_html/holidays homerange.mp3
2011.12.24 12:35 B c:\ranchweb\holidays\homerange.mp3 --> ftp.a4jranch.com /public_html/holidays homerange.mp3
2011.12.24 12:40 B c:\ranchweb\holidays\sky2.jpg --> ftp.a4jranch.com /public_html/holidays sky2.jpg
2011.12.24 12:45 B c:\ranchweb\holidays\sky2.jpg --> ftp.a4jranch.com /public_html/holidays sky2.jpg
2011.12.24 12:51 B c:\ranchweb\holidays\homerange.mp3 --> ftp.a4jranch.com /public_html/holidays homerange.mp3
2011.12.25 07:30 B c:\ranchweb\holidays\image_13.jpg --> ftp.a4jranch.com /public_html/holidays image_13.jpg
2011.12.25 07:57 B c:\ranchweb\holidays\image_13.jpg --> ftp.a4jranch.com /public_html/holidays image_13.jpg
2011.12.25 08:02 B c:\ranchweb\holidays\image_3.jpg --> ftp.a4jranch.com /public_html/holidays image_3.jpg
2011.12.26 10:07 B c:\ranchweb\holidays\index.htm --> ftp.a4jranch.com /public_html/holidays index.htm
