2011.01.02 13:04 B c:\ranchweb\webcam\01021.jpg --> ftp.a4jranch.com / 01021.jpg
2011.01.02 15:22 B c:\ranchweb\webcam\image_17.jpg --> ftp.a4jranch.com / image_17.jpg
2011.01.02 17:51 B c:\ranchweb\webcam\image_18.jpg --> ftp.a4jranch.com / image_18.jpg
2011.01.03 07:15 B c:\ranchweb\webcam\image_19.jpg --> ftp.a4jranch.com / image_19.jpg
2011.01.03 07:48 B c:\ranchweb\webcam\image_20.jpg --> ftp.a4jranch.com / image_20.jpg
2011.01.03 07:54 B c:\ranchweb\webcam\image_21.jpg --> ftp.a4jranch.com / image_21.jpg
2011.01.03 17:40 B c:\ranchweb\webcam\image_22.jpg --> ftp.a4jranch.com / image_22.jpg
2011.01.04 07:10 B c:\ranchweb\webcam\image_23.jpg --> ftp.a4jranch.com / image_23.jpg
2011.01.04 08:14 B c:\ranchweb\webcam\image_24.jpg --> ftp.a4jranch.com / image_24.jpg
2011.01.04 09:12 B c:\ranchweb\webcam\image_26.jpg --> ftp.a4jranch.com / image_26.jpg
2011.01.04 12:57 B c:\ranchweb\webcam\image_27.jpg --> ftp.a4jranch.com / image_27.jpg
2011.01.04 15:15 B c:\ranchweb\webcam\image_28.jpg --> ftp.a4jranch.com / image_28.jpg
2011.01.05 07:24 B c:\ranchweb\webcam\image_29.jpg --> ftp.a4jranch.com / image_29.jpg
2011.01.05 08:06 B c:\ranchweb\webcam\image_30.jpg --> ftp.a4jranch.com / image_30.jpg
2011.01.05 08:09 B c:\ranchweb\webcam\image_30.jpg --> ftp.a4jranch.com / image_30.jpg
2011.01.05 11:16 B c:\ranchweb\webcam\image_31.jpg --> ftp.a4jranch.com / image_31.jpg
2011.01.05 12:58 B c:\ranchweb\webcam\image_31.jpg --> ftp.a4jranch.com / image_31.jpg
2011.01.05 13:18 B c:\ranchweb\webcam\image_32.jpg --> ftp.a4jranch.com / image_32.jpg
2011.01.05 13:24 B c:\ranchweb\webcam\image_32.jpg --> ftp.a4jranch.com / image_32.jpg
2011.01.05 16:06 B c:\ranchweb\webcam\image_33.jpg --> ftp.a4jranch.com / image_33.jpg
2011.01.06 07:28 B c:\ranchweb\webcam\image_34.jpg --> ftp.a4jranch.com / image_34.jpg
2011.01.06 11:02 B c:\ranchweb\webcam\image_35.jpg --> ftp.a4jranch.com / image_35.jpg
2011.01.06 11:08 B c:\ranchweb\webcam\image_36.jpg --> ftp.a4jranch.com / image_36.jpg
2011.01.06 17:00 B c:\ranchweb\webcam\image_37.jpg --> ftp.a4jranch.com / image_37.jpg
2011.01.07 07:34 B c:\ranchweb\webcam\image_38.jpg --> ftp.a4jranch.com / image_38.jpg
2011.01.07 08:58 B c:\ranchweb\webcam\image_39.jpg --> ftp.a4jranch.com / image_39.jpg
2011.01.07 09:11 B c:\ranchweb\webcam\image_41.jpg --> ftp.a4jranch.com / image_41.jpg
2011.01.07 09:55 B c:\ranchweb\webcam\image_42.jpg --> ftp.a4jranch.com / image_42.jpg
2011.01.07 12:45 B c:\ranchweb\webcam\image_43.jpg --> ftp.a4jranch.com / image_43.jpg
2011.01.07 16:38 B c:\ranchweb\webcam\image_44.jpg --> ftp.a4jranch.com / image_44.jpg
2011.01.07 18:01 B c:\ranchweb\webcam\image_45.jpg --> ftp.a4jranch.com / image_45.jpg
2011.01.08 07:34 B c:\ranchweb\webcam\image_45.jpg --> ftp.a4jranch.com / image_45.jpg
2011.01.08 08:24 B c:\ranchweb\webcam\image_46.jpg --> ftp.a4jranch.com / image_46.jpg
2011.01.08 13:37 B c:\ranchweb\webcam\image_47.jpg --> ftp.a4jranch.com / image_47.jpg
2011.01.08 16:42 B c:\ranchweb\webcam\image_48.jpg --> ftp.a4jranch.com / image_48.jpg
2011.01.09 07:34 B c:\ranchweb\webcam\image_49.jpg --> ftp.a4jranch.com / image_49.jpg
2011.01.09 08:20 B c:\ranchweb\webcam\image_50.jpg --> ftp.a4jranch.com / image_50.jpg
2011.01.10 07:25 B c:\ranchweb\webcam\image_51.jpg --> ftp.a4jranch.com / image_51.jpg
2011.01.10 08:32 B c:\ranchweb\webcam\image_52.jpg --> ftp.a4jranch.com / image_52.jpg
2011.01.10 09:04 B c:\ranchweb\webcam\image_55.jpg --> ftp.a4jranch.com / image_55.jpg
2011.01.10 14:57 B c:\ranchweb\webcam\image_56.jpg --> ftp.a4jranch.com / image_56.jpg
2011.01.10 15:01 B c:\ranchweb\webcam\image_57.jpg --> ftp.a4jranch.com / image_57.jpg
2011.01.10 15:02 B c:\ranchweb\webcam\image_57.jpg --> ftp.a4jranch.com / image_57.jpg
2011.01.10 18:56 B c:\ranchweb\webcam\image_58.jpg --> ftp.a4jranch.com / image_58.jpg
2011.01.11 07:09 B c:\ranchweb\webcam\image_59.jpg --> ftp.a4jranch.com / image_59.jpg
2011.01.11 07:35 B c:\ranchweb\webcam\image_60.jpg --> ftp.a4jranch.com / image_60.jpg
2011.01.11 09:47 B c:\ranchweb\webcam\image_61.jpg --> ftp.a4jranch.com / image_61.jpg
2011.01.11 13:05 B c:\ranchweb\webcam\image_63.jpg --> ftp.a4jranch.com / image_63.jpg
2011.01.11 18:20 B c:\ranchweb\webcam\image_64.jpg --> ftp.a4jranch.com / image_64.jpg
2011.01.12 07:59 B c:\ranchweb\webcam\image_65.jpg --> ftp.a4jranch.com / image_65.jpg
2011.01.12 16:41 B c:\ranchweb\webcam\image_66.jpg --> ftp.a4jranch.com / image_66.jpg
2011.01.13 07:41 B c:\ranchweb\webcam\image_67.jpg --> ftp.a4jranch.com / image_67.jpg
2011.01.13 18:37 B c:\ranchweb\webcam\image_68.jpg --> ftp.a4jranch.com / image_68.jpg
2011.01.14 08:09 B c:\ranchweb\webcam\image_69.jpg --> ftp.a4jranch.com / image_69.jpg
2011.01.15 08:32 B c:\ranchweb\webcam\image_70.jpg --> ftp.a4jranch.com / image_70.jpg
2011.01.15 11:07 B c:\ranchweb\webcam\image_71.jpg --> ftp.a4jranch.com / image_71.jpg
2011.01.16 06:42 B c:\ranchweb\webcam\image_72.jpg --> ftp.a4jranch.com / image_72.jpg
2011.01.16 08:47 B c:\ranchweb\webcam\image_73.jpg --> ftp.a4jranch.com / image_73.jpg
2011.01.16 09:44 B c:\ranchweb\webcam\image_74.jpg --> ftp.a4jranch.com / image_74.jpg
2011.01.16 10:47 B c:\ranchweb\webcam\image_75.jpg --> ftp.a4jranch.com / image_75.jpg
2011.01.17 06:44 B c:\ranchweb\webcam\image_76.jpg --> ftp.a4jranch.com / image_76.jpg
2011.01.17 07:38 B c:\ranchweb\webcam\image_77.jpg --> ftp.a4jranch.com / image_77.jpg
2011.01.17 10:02 B c:\ranchweb\webcam\image_78.jpg --> ftp.a4jranch.com / image_78.jpg
2011.01.17 16:53 B c:\ranchweb\webcam\image_79.jpg --> ftp.a4jranch.com / image_79.jpg
2011.01.17 18:12 B c:\ranchweb\webcam\image_80.jpg --> ftp.a4jranch.com / image_80.jpg
2011.01.18 07:23 B c:\ranchweb\webcam\image_81.jpg --> ftp.a4jranch.com / image_81.jpg
2011.01.18 08:17 B c:\ranchweb\webcam\image_82.jpg --> ftp.a4jranch.com / image_82.jpg
2011.01.18 15:06 B c:\ranchweb\webcam\image_83.jpg --> ftp.a4jranch.com / image_83.jpg
2011.01.19 07:10 B c:\ranchweb\webcam\image_84.jpg --> ftp.a4jranch.com / image_84.jpg
2011.01.19 07:26 B c:\ranchweb\webcam\image_85.jpg --> ftp.a4jranch.com / image_85.jpg
2011.01.19 09:07 B c:\ranchweb\webcam\image_86.jpg --> ftp.a4jranch.com / image_86.jpg
2011.01.19 09:46 B c:\ranchweb\webcam\image_87.jpg --> ftp.a4jranch.com / image_87.jpg
2011.01.19 18:32 B c:\ranchweb\webcam\image_88.jpg --> ftp.a4jranch.com / image_88.jpg
2011.01.20 07:36 B c:\ranchweb\webcam\image_89.jpg --> ftp.a4jranch.com / image_89.jpg
2011.01.20 10:54 B c:\ranchweb\webcam\image_90.jpg --> ftp.a4jranch.com / image_90.jpg
2011.01.20 12:52 B c:\ranchweb\webcam\image_91.jpg --> ftp.a4jranch.com / image_91.jpg
2011.01.21 07:03 B c:\ranchweb\webcam\image_92.jpg --> ftp.a4jranch.com / image_92.jpg
2011.01.21 07:26 B c:\ranchweb\webcam\image_93.jpg --> ftp.a4jranch.com / image_93.jpg
2011.01.21 08:14 B c:\ranchweb\webcam\image_94.jpg --> ftp.a4jranch.com / image_94.jpg
2011.01.21 08:21 B c:\ranchweb\webcam\image_95.jpg --> ftp.a4jranch.com / image_95.jpg
2011.01.21 08:23 B c:\ranchweb\webcam\image_95.jpg --> ftp.a4jranch.com / image_95.jpg
2011.01.21 15:00 B c:\ranchweb\webcam\image_96.jpg --> ftp.a4jranch.com / image_96.jpg
2011.01.21 15:04 B c:\ranchweb\webcam\image_97.jpg --> ftp.a4jranch.com / image_97.jpg
2011.01.21 15:06 B c:\ranchweb\webcam\image_96.jpg --> ftp.a4jranch.com / image_96.jpg
2011.01.22 07:27 B c:\ranchweb\webcam\image_98.jpg --> ftp.a4jranch.com / image_98.jpg
2011.01.22 08:38 B c:\ranchweb\webcam\image_99.jpg --> ftp.a4jranch.com / image_99.jpg
2011.01.22 12:27 B c:\ranchweb\webcam\image_1.jpg --> ftp.a4jranch.com / image_1.jpg
2011.01.23 08:37 B c:\ranchweb\webcam\image_2.jpg --> ftp.a4jranch.com / image_2.jpg
2011.01.23 09:11 B c:\ranchweb\webcam\image_3.jpg --> ftp.a4jranch.com / image_3.jpg
2011.01.23 09:12 B c:\ranchweb\webcam\image_3.jpg --> ftp.a4jranch.com / image_3.jpg
2011.01.23 12:00 B c:\ranchweb\webcam\image_4.jpg --> ftp.a4jranch.com / image_4.jpg
2011.01.24 07:00 B c:\ranchweb\webcam\image_5.jpg --> ftp.a4jranch.com / image_5.jpg
2011.01.24 08:02 B c:\ranchweb\webcam\image_6.jpg --> ftp.a4jranch.com / image_6.jpg
2011.01.24 08:42 B c:\ranchweb\webcam\image_7.jpg --> ftp.a4jranch.com / image_7.jpg
2011.01.25 07:02 B c:\ranchweb\webcam\image_8.jpg --> ftp.a4jranch.com / image_8.jpg
2011.01.25 07:17 B c:\ranchweb\webcam\image_5.jpg --> ftp.a4jranch.com / image_5.jpg
2011.01.25 08:13 B c:\ranchweb\webcam\image_51.jpg --> ftp.a4jranch.com / image_51.jpg
2011.01.25 16:04 B c:\ranchweb\webcam\image_52.jpg --> ftp.a4jranch.com / image_52.jpg
2011.01.26 06:30 B c:\ranchweb\webcam\image_6.jpg --> ftp.a4jranch.com / image_6.jpg
2011.01.26 07:55 B c:\ranchweb\webcam\image_61.jpg --> ftp.a4jranch.com / image_61.jpg
2011.01.26 16:23 B c:\ranchweb\webcam\image_62.jpg --> ftp.a4jranch.com / image_62.jpg
2011.01.26 17:27 B c:\ranchweb\webcam\image_63.jpg --> ftp.a4jranch.com / image_63.jpg
2011.01.27 06:49 B c:\ranchweb\webcam\image_7.jpg --> ftp.a4jranch.com / image_7.jpg
2011.01.27 07:19 B c:\ranchweb\webcam\image_71.jpg --> ftp.a4jranch.com / image_71.jpg
2011.01.27 08:13 B c:\ranchweb\webcam\image_72.jpg --> ftp.a4jranch.com / image_72.jpg
2011.01.27 15:23 B c:\ranchweb\webcam\image_73.jpg --> ftp.a4jranch.com / image_73.jpg
2011.01.28 06:59 B c:\ranchweb\webcam\image_8.jpg --> ftp.a4jranch.com / image_8.jpg
2011.01.28 07:18 B c:\ranchweb\webcam\image_81.jpg --> ftp.a4jranch.com / image_81.jpg
2011.01.28 10:15 B c:\ranchweb\webcam\image_82.jpg --> ftp.a4jranch.com / image_82.jpg
2011.01.28 12:06 B c:\ranchweb\webcam\image_83.jpg --> ftp.a4jranch.com / image_83.jpg
2011.01.28 15:08 B c:\ranchweb\webcam\image_84.jpg --> ftp.a4jranch.com / image_84.jpg
2011.01.28 15:09 B c:\ranchweb\webcam\image_84.jpg --> ftp.a4jranch.com / image_84.jpg
2011.01.29 06:50 B c:\ranchweb\webcam\image_9.jpg --> ftp.a4jranch.com / image_9.jpg
2011.01.29 08:27 B c:\ranchweb\webcam\image_84.jpg --> ftp.a4jranch.com / image_84.jpg
2011.01.29 08:29 B c:\ranchweb\webcam\image_85.jpg --> ftp.a4jranch.com / image_85.jpg
2011.01.29 13:36 B c:\ranchweb\webcam\image_91.jpg --> ftp.a4jranch.com / image_91.jpg
2011.01.29 18:28 B c:\ranchweb\webcam\image_92.jpg --> ftp.a4jranch.com / image_92.jpg
2011.01.30 08:28 B c:\ranchweb\webcam\image_0.jpg --> ftp.a4jranch.com / image_0.jpg
2011.01.30 09:34 B c:\ranchweb\webcam\image_01.jpg --> ftp.a4jranch.com / image_01.jpg
2011.01.31 07:35 B c:\ranchweb\webcam\image_1.jpg --> ftp.a4jranch.com / image_1.jpg
2011.01.31 13:29 B c:\ranchweb\webcam\image_11.jpg --> ftp.a4jranch.com / image_11.jpg
2011.01.31 17:36 B c:\ranchweb\webcam\image_12.jpg --> ftp.a4jranch.com / image_12.jpg
2011.02.01 07:13 B c:\ranchweb\webcam\image_1.jpg --> ftp.a4jranch.com / image_1.jpg
2011.02.01 07:56 B c:\ranchweb\webcam\image_11.jpg --> ftp.a4jranch.com / image_11.jpg
2011.02.01 09:22 B c:\ranchweb\webcam\image_12.jpg --> ftp.a4jranch.com / image_12.jpg
2011.02.01 10:53 B c:\ranchweb\webcam\image_13.jpg --> ftp.a4jranch.com / image_13.jpg
2011.02.01 12:25 B c:\ranchweb\webcam\image_14.jpg --> ftp.a4jranch.com / image_14.jpg
2011.02.02 07:02 B c:\ranchweb\webcam\image_2.jpg --> ftp.a4jranch.com / image_2.jpg
2011.02.02 08:38 B c:\ranchweb\webcam\image_21.jpg --> ftp.a4jranch.com / image_21.jpg
2011.02.03 07:09 B c:\ranchweb\webcam\image_3.jpg --> ftp.a4jranch.com / image_3.jpg
2011.02.03 07:32 B c:\ranchweb\webcam\image_31.jpg --> ftp.a4jranch.com / image_31.jpg
2011.02.03 12:59 B c:\ranchweb\webcam\image_32.jpg --> ftp.a4jranch.com / image_32.jpg
2011.02.04 07:28 B c:\ranchweb\webcam\image_4.jpg --> ftp.a4jranch.com / image_4.jpg
2011.02.04 08:10 B c:\ranchweb\webcam\image_41.jpg --> ftp.a4jranch.com / image_41.jpg
2011.02.04 09:21 B c:\ranchweb\webcam\image_42.jpg --> ftp.a4jranch.com / image_42.jpg
2011.02.04 09:57 B c:\ranchweb\webcam\image_43.jpg --> ftp.a4jranch.com / image_43.jpg
2011.02.04 09:58 B c:\ranchweb\webcam\image_43.jpg --> ftp.a4jranch.com / image_43.jpg
2011.02.04 12:26 B c:\ranchweb\webcam\image_44.jpg --> ftp.a4jranch.com / image_44.jpg
2011.02.04 12:28 B c:\ranchweb\webcam\image_44.jpg --> ftp.a4jranch.com / image_44.jpg
2011.02.04 14:38 B c:\ranchweb\webcam\image_45.jpg --> ftp.a4jranch.com / image_45.jpg
2011.02.04 18:05 B c:\ranchweb\webcam\image_46.jpg --> ftp.a4jranch.com / image_46.jpg
2011.02.05 07:20 B c:\ranchweb\webcam\image_5.jpg --> ftp.a4jranch.com / image_5.jpg
2011.02.06 07:25 B c:\ranchweb\webcam\image_64.jpg --> ftp.a4jranch.com / image_64.jpg
2011.02.06 08:44 B c:\ranchweb\webcam\image_65.jpg --> ftp.a4jranch.com / image_65.jpg
2011.02.06 10:23 B c:\ranchweb\webcam\image_66.jpg --> ftp.a4jranch.com / image_66.jpg
2011.02.06 17:12 B c:\ranchweb\webcam\image_67.jpg --> ftp.a4jranch.com / image_67.jpg
2011.02.07 06:39 B c:\ranchweb\webcam\image_71.jpg --> ftp.a4jranch.com / image_71.jpg
2011.02.07 07:51 B c:\ranchweb\webcam\image_72.jpg --> ftp.a4jranch.com / image_72.jpg
2011.02.07 15:39 B c:\ranchweb\webcam\image_74.jpg --> ftp.a4jranch.com / image_74.jpg
2011.02.08 07:19 B c:\ranchweb\webcam\image_81.jpg --> ftp.a4jranch.com / image_81.jpg
2011.02.08 09:56 B c:\ranchweb\webcam\image_82.jpg --> ftp.a4jranch.com / image_82.jpg
2011.02.08 10:15 B c:\ranchweb\webcam\image_83.jpg --> ftp.a4jranch.com / image_83.jpg
2011.02.08 21:04 B c:\ranchweb\webcam\image_84.jpg --> ftp.a4jranch.com / image_84.jpg
2011.02.09 08:22 B c:\ranchweb\webcam\image_9.jpg --> ftp.a4jranch.com / image_9.jpg
2011.02.09 10:06 B c:\ranchweb\webcam\image_91.jpg --> ftp.a4jranch.com / image_91.jpg
2011.02.10 06:49 B c:\ranchweb\webcam\image_10.jpg --> ftp.a4jranch.com / image_10.jpg
2011.02.10 07:13 B c:\ranchweb\webcam\image_101.jpg --> ftp.a4jranch.com / image_101.jpg
2011.02.10 10:12 B c:\ranchweb\webcam\image_102.jpg --> ftp.a4jranch.com / image_102.jpg
2011.02.10 10:55 B c:\ranchweb\webcam\image_103.jpg --> ftp.a4jranch.com / image_103.jpg
2011.02.10 11:16 B c:\ranchweb\webcam\image_104.jpg --> ftp.a4jranch.com / image_104.jpg
2011.02.10 16:54 B c:\ranchweb\webcam\image_105.jpg --> ftp.a4jranch.com / image_105.jpg
2011.02.10 20:10 B c:\ranchweb\webcam\image_106.jpg --> ftp.a4jranch.com / image_106.jpg
2011.02.11 07:13 B c:\ranchweb\webcam\image_107.jpg --> ftp.a4jranch.com / image_107.jpg
2011.02.11 07:41 B c:\ranchweb\webcam\image_11.jpg --> ftp.a4jranch.com / image_11.jpg
2011.02.11 08:10 B c:\ranchweb\webcam\image_111.jpg --> ftp.a4jranch.com / image_111.jpg
2011.02.11 11:37 B c:\ranchweb\webcam\image_113.jpg --> ftp.a4jranch.com / image_113.jpg
2011.02.11 17:36 B c:\ranchweb\webcam\image_114.jpg --> ftp.a4jranch.com / image_114.jpg
2011.02.11 21:08 B c:\ranchweb\webcam\image_115.jpg --> ftp.a4jranch.com / image_115.jpg
2011.02.12 07:02 B c:\ranchweb\webcam\image_12.jpg --> ftp.a4jranch.com / image_12.jpg
2011.02.12 07:15 B c:\ranchweb\webcam\image_121.jpg --> ftp.a4jranch.com / image_121.jpg
2011.02.12 08:21 B c:\ranchweb\webcam\image_122.jpg --> ftp.a4jranch.com / image_122.jpg
2011.02.12 13:03 B c:\ranchweb\webcam\image_123.jpg --> ftp.a4jranch.com / image_123.jpg
2011.02.13 07:12 B c:\ranchweb\webcam\image_13.jpg --> ftp.a4jranch.com / image_13.jpg
2011.02.13 09:03 B c:\ranchweb\webcam\image_131.jpg --> ftp.a4jranch.com / image_131.jpg
2011.02.14 11:43 B c:\ranchweb\webcam\image_14.jpg --> ftp.a4jranch.com / image_14.jpg
2011.02.14 16:58 B c:\ranchweb\webcam\image_141.jpg --> ftp.a4jranch.com / image_141.jpg
2011.02.15 07:02 B c:\ranchweb\webcam\image_15.jpg --> ftp.a4jranch.com / image_15.jpg
2011.02.15 12:31 B c:\ranchweb\webcam\image_151.jpg --> ftp.a4jranch.com / image_151.jpg
2011.02.15 15:17 B c:\ranchweb\webcam\image_152.jpg --> ftp.a4jranch.com / image_152.jpg
2011.02.16 06:57 B c:\ranchweb\webcam\image_16.jpg --> ftp.a4jranch.com / image_16.jpg
2011.02.16 07:27 B c:\ranchweb\webcam\image_161.jpg --> ftp.a4jranch.com / image_161.jpg
2011.02.16 09:25 B c:\ranchweb\webcam\image_162.jpg --> ftp.a4jranch.com / image_162.jpg
2011.02.16 18:39 B c:\ranchweb\webcam\image_163.jpg --> ftp.a4jranch.com / image_163.jpg
2011.02.17 07:11 B c:\ranchweb\webcam\image_17.jpg --> ftp.a4jranch.com / image_17.jpg
2011.02.17 10:06 B c:\ranchweb\webcam\image_171.jpg --> ftp.a4jranch.com / image_171.jpg
2011.02.17 10:33 B c:\ranchweb\webcam\image_172.jpg --> ftp.a4jranch.com / image_172.jpg
2011.02.18 07:50 B c:\ranchweb\webcam\image_18.jpg --> ftp.a4jranch.com / image_18.jpg
2011.02.18 16:07 B c:\ranchweb\webcam\image_181.jpg --> ftp.a4jranch.com / image_181.jpg
2011.02.19 07:57 B c:\ranchweb\webcam\image_19.jpg --> ftp.a4jranch.com / image_19.jpg
2011.02.19 10:39 B c:\ranchweb\webcam\image_191.jpg --> ftp.a4jranch.com / image_191.jpg
2011.02.19 14:51 B c:\ranchweb\webcam\image_192.jpg --> ftp.a4jranch.com / image_192.jpg
2011.02.19 17:23 B c:\ranchweb\webcam\image_193.jpg --> ftp.a4jranch.com / image_193.jpg
2011.02.20 09:16 B c:\ranchweb\webcam\image_20.jpg --> ftp.a4jranch.com / image_20.jpg
2011.02.21 08:35 B c:\ranchweb\webcam\image_21.jpg --> ftp.a4jranch.com / image_21.jpg
2011.02.21 11:59 B c:\ranchweb\webcam\image_211.jpg --> ftp.a4jranch.com / image_211.jpg
2011.02.22 07:57 B c:\ranchweb\webcam\image_22.jpg --> ftp.a4jranch.com / image_22.jpg
2011.02.23 07:29 B c:\ranchweb\webcam\image_23.jpg --> ftp.a4jranch.com / image_23.jpg
2011.02.24 06:46 B c:\ranchweb\webcam\image_24.jpg --> ftp.a4jranch.com / image_24.jpg
2011.02.24 07:17 B c:\ranchweb\webcam\image_241.jpg --> ftp.a4jranch.com / image_241.jpg
2011.02.24 07:49 B c:\ranchweb\webcam\image_242.jpg --> ftp.a4jranch.com / image_242.jpg
2011.02.25 15:10 B c:\ranchweb\webcam\image_251.jpg --> ftp.a4jranch.com / image_251.jpg
2011.02.26 06:59 B c:\ranchweb\webcam\image_26.jpg --> ftp.a4jranch.com / image_26.jpg
2011.02.26 18:17 B c:\ranchweb\webcam\image_261.jpg --> ftp.a4jranch.com / image_261.jpg
2011.02.27 07:43 B c:\ranchweb\webcam\image_27.jpg --> ftp.a4jranch.com / image_27.jpg
2011.02.27 09:10 B c:\ranchweb\webcam\image_271.jpg --> ftp.a4jranch.com / image_271.jpg
2011.02.28 08:04 B c:\ranchweb\webcam\image_28.jpg --> ftp.a4jranch.com / image_28.jpg
2011.02.28 15:03 B c:\ranchweb\webcam\image_281.jpg --> ftp.a4jranch.com / image_281.jpg
2011.03.01 07:05 B c:\ranchweb\webcam\image_1.jpg --> ftp.a4jranch.com / image_1.jpg
2011.03.01 09:03 B c:\ranchweb\webcam\image_11.jpg --> ftp.a4jranch.com / image_11.jpg
2011.03.02 14:30 B c:\ranchweb\webcam\image_2.jpg --> ftp.a4jranch.com / image_2.jpg
2011.03.02 14:37 B c:\ranchweb\webcam\image_21.jpg --> ftp.a4jranch.com / image_21.jpg
2011.03.03 06:58 B c:\ranchweb\webcam\image_3.jpg --> ftp.a4jranch.com / image_3.jpg
2011.03.03 07:55 B c:\ranchweb\webcam\image_31.jpg --> ftp.a4jranch.com / image_31.jpg
2011.03.03 10:57 B c:\ranchweb\webcam\image_32.jpg --> ftp.a4jranch.com / image_32.jpg
2011.03.03 17:02 B c:\ranchweb\webcam\image_33.jpg --> ftp.a4jranch.com / image_33.jpg
2011.03.03 19:14 B c:\ranchweb\webcam\image_34.jpg --> ftp.a4jranch.com / image_34.jpg
2011.03.04 08:10 B c:\ranchweb\webcam\image_4.jpg --> ftp.a4jranch.com / image_4.jpg
2011.03.04 09:43 B c:\ranchweb\webcam\image_41.jpg --> ftp.a4jranch.com / image_41.jpg
2011.03.04 16:49 B c:\ranchweb\webcam\image_42.jpg --> ftp.a4jranch.com / image_42.jpg
2011.03.05 08:16 B c:\ranchweb\webcam\image_5.jpg --> ftp.a4jranch.com / image_5.jpg
2011.03.06 07:44 B c:\ranchweb\webcam\image_6.jpg --> ftp.a4jranch.com / image_6.jpg
2011.03.06 15:23 B c:\ranchweb\webcam\image_61.jpg --> ftp.a4jranch.com / image_61.jpg
2011.03.07 10:13 B c:\ranchweb\webcam\image_7.jpg --> ftp.a4jranch.com / image_7.jpg
2011.03.08 08:22 B c:\ranchweb\webcam\image_8.jpg --> ftp.a4jranch.com / image_8.jpg
2011.03.09 08:54 B c:\ranchweb\webcam\image_9.jpg --> ftp.a4jranch.com / image_9.jpg
2011.03.09 15:11 B c:\ranchweb\webcam\image_91.jpg --> ftp.a4jranch.com / image_91.jpg
2011.03.10 08:25 B c:\ranchweb\webcam\image_10.jpg --> ftp.a4jranch.com / image_10.jpg
2011.03.10 08:46 B c:\ranchweb\webcam\image_102.jpg --> ftp.a4jranch.com / image_102.jpg
2011.03.11 07:01 B c:\ranchweb\webcam\image_11.jpg --> ftp.a4jranch.com / image_11.jpg
2011.03.11 08:36 B c:\ranchweb\webcam\image_111.jpg --> ftp.a4jranch.com / image_111.jpg
2011.03.12 17:24 B c:\ranchweb\webcam\image_121.jpg --> ftp.a4jranch.com / image_121.jpg
2011.03.13 08:14 B c:\ranchweb\webcam\image_13.jpg --> ftp.a4jranch.com / image_13.jpg
2011.03.14 11:50 B c:\ranchweb\webcam\image_14.jpg --> ftp.a4jranch.com / image_14.jpg
2011.03.14 17:03 B c:\ranchweb\webcam\image_141.jpg --> ftp.a4jranch.com / image_141.jpg
2011.03.15 07:49 B c:\ranchweb\webcam\image_15.jpg --> ftp.a4jranch.com / image_15.jpg
2011.03.15 13:11 B c:\ranchweb\webcam\image_152.jpg --> ftp.a4jranch.com / image_152.jpg
2011.03.16 06:53 B c:\ranchweb\webcam\image_16.jpg --> ftp.a4jranch.com / image_16.jpg
2011.03.16 07:25 B c:\ranchweb\webcam\image_161.jpg --> ftp.a4jranch.com / image_161.jpg
2011.03.16 08:34 B c:\ranchweb\webcam\image_162.jpg --> ftp.a4jranch.com / image_162.jpg
2011.03.17 07:37 B c:\ranchweb\webcam\image_17.jpg --> ftp.a4jranch.com / image_17.jpg
2011.03.17 13:49 B c:\ranchweb\webcam\image_171.jpg --> ftp.a4jranch.com / image_171.jpg
2011.03.18 14:58 B c:\ranchweb\webcam\image_181.jpg --> ftp.a4jranch.com /public_html image_181.jpg
2011.03.18 15:01 B c:\ranchweb\webcam\image_181.jpg --> ftp.a4jranch.com /public_html image_181.jpg
2011.03.19 06:49 B c:\ranchweb\webcam\image_19.jpg --> ftp.a4jranch.com /public_html image_19.jpg
2011.03.19 07:25 B c:\ranchweb\webcam\image_181.jpg --> ftp.a4jranch.com /public_html image_181.jpg
2011.03.20 09:09 B c:\ranchweb\webcam\image_20.jpg --> ftp.a4jranch.com /public_html image_20.jpg
2011.03.20 17:40 B c:\ranchweb\webcam\image_201.jpg --> ftp.a4jranch.com /public_html image_201.jpg
2011.03.21 09:27 B c:\ranchweb\webcam\image_21.jpg --> ftp.a4jranch.com /public_html image_21.jpg
2011.03.23 09:26 B c:\ranchweb\webcam\image_23.jpg --> ftp.a4jranch.com /public_html image_23.jpg
2011.03.25 08:01 B c:\ranchweb\webcam\image_25.jpg --> ftp.a4jranch.com /public_html image_25.jpg
2011.03.25 17:31 B c:\ranchweb\webcam\image_251.jpg --> ftp.a4jranch.com /public_html image_251.jpg
2011.03.26 08:25 B c:\ranchweb\webcam\image_26.jpg --> ftp.a4jranch.com /public_html image_26.jpg
2011.03.27 08:10 B c:\ranchweb\webcam\image_27.jpg --> ftp.a4jranch.com /public_html image_27.jpg
2011.03.28 15:44 B c:\ranchweb\webcam\image_28.jpg --> ftp.a4jranch.com /public_html image_28.jpg
2011.03.29 09:46 B c:\ranchweb\webcam\image_29.jpg --> ftp.a4jranch.com /public_html image_29.jpg
2011.03.30 08:43 B c:\ranchweb\webcam\image_30.jpg --> ftp.a4jranch.com /public_html image_30.jpg
2011.03.31 07:51 B c:\ranchweb\webcam\image_31.jpg --> ftp.a4jranch.com /public_html image_31.jpg
2011.03.31 11:09 B c:\ranchweb\webcam\image_31.jpg --> ftp.a4jranch.com /public_html image_31.jpg
2011.04.01 07:32 B c:\ranchweb\webcam\image_1.jpg --> ftp.a4jranch.com /public_html image_1.jpg
2011.04.02 08:20 B c:\ranchweb\webcam\image_2.jpg --> ftp.a4jranch.com /public_html image_2.jpg
2011.04.03 09:26 B c:\ranchweb\webcam\image_3.jpg --> ftp.a4jranch.com /public_html image_3.jpg
2011.04.03 11:34 B c:\ranchweb\webcam\image_3.jpg --> ftp.a4jranch.com /public_html image_3.jpg
2011.04.04 08:34 B c:\ranchweb\webcam\image_4.jpg --> ftp.a4jranch.com /public_html image_4.jpg
2011.04.04 09:08 B c:\ranchweb\webcam\image_4.jpg --> ftp.a4jranch.com /public_html image_4.jpg
2011.04.05 08:33 B c:\ranchweb\webcam\image_5.jpg --> ftp.a4jranch.com /public_html image_5.jpg
2011.04.06 07:53 B c:\ranchweb\webcam\image_6.jpg --> ftp.a4jranch.com /public_html image_6.jpg
2011.04.07 07:52 B c:\ranchweb\webcam\image_7.jpg --> ftp.a4jranch.com /public_html image_7.jpg
2011.04.07 09:51 B c:\ranchweb\webcam\image_7.jpg --> ftp.a4jranch.com /public_html image_7.jpg
2011.04.08 08:12 B c:\ranchweb\webcam\image_8.jpg --> ftp.a4jranch.com /public_html image_8.jpg
2011.04.08 11:23 B c:\ranchweb\webcam\image_8.jpg --> ftp.a4jranch.com /public_html image_8.jpg
2011.04.09 10:22 B c:\ranchweb\webcam\image_9.jpg --> ftp.a4jranch.com /public_html image_9.jpg
2011.04.10 09:25 B c:\ranchweb\webcam\image_10.jpg --> ftp.a4jranch.com /public_html image_10.jpg
2011.04.11 07:18 B c:\ranchweb\webcam\image_11.jpg --> ftp.a4jranch.com /public_html image_11.jpg
2011.04.12 11:31 B c:\ranchweb\webcam\image_12.jpg --> ftp.a4jranch.com /public_html image_12.jpg
2011.04.13 08:14 B c:\ranchweb\webcam\image_13.jpg --> ftp.a4jranch.com /public_html image_13.jpg
2011.04.14 08:31 B c:\ranchweb\webcam\image_14.jpg --> ftp.a4jranch.com /public_html image_14.jpg
2011.04.14 08:36 B c:\ranchweb\webcam\image_14.jpg --> ftp.a4jranch.com /public_html image_14.jpg
2011.04.14 08:39 B c:\ranchweb\webcam\image_14.jpg --> ftp.a4jranch.com /public_html image_14.jpg
2011.04.15 08:15 B c:\ranchweb\webcam\image_15.jpg --> ftp.a4jranch.com /public_html image_15.jpg
2011.04.16 08:04 B c:\ranchweb\webcam\image_16.jpg --> ftp.a4jranch.com /public_html image_16.jpg
2011.04.17 12:42 B c:\ranchweb\webcam\image_17.jpg --> ftp.a4jranch.com /public_html image_17.jpg
2011.04.18 07:40 B c:\ranchweb\webcam\image_181.jpg --> ftp.a4jranch.com /public_html image_181.jpg
2011.04.19 08:25 B c:\ranchweb\webcam\image_19.jpg --> ftp.a4jranch.com /public_html image_19.jpg
2011.04.20 07:30 B c:\ranchweb\webcam\image_20.jpg --> ftp.a4jranch.com /public_html image_20.jpg
2011.04.21 08:16 B c:\ranchweb\webcam\image_21.jpg --> ftp.a4jranch.com /public_html image_21.jpg
2011.04.22 08:05 B c:\ranchweb\webcam\image_22.jpg --> ftp.a4jranch.com /public_html image_22.jpg
2011.04.22 14:17 B c:\ranchweb\webcam\image_22.jpg --> ftp.a4jranch.com /public_html image_22.jpg
2011.04.23 07:55 B c:\ranchweb\webcam\image_23.jpg --> ftp.a4jranch.com /public_html image_23.jpg
2011.04.24 08:49 B c:\ranchweb\webcam\image_24.jpg --> ftp.a4jranch.com /public_html image_24.jpg
2011.04.24 12:31 B c:\ranchweb\webcam\image_241.jpg --> ftp.a4jranch.com /public_html image_241.jpg
2011.04.25 09:16 B c:\ranchweb\webcam\image_25.jpg --> ftp.a4jranch.com /public_html image_25.jpg
2011.04.26 13:29 B c:\ranchweb\webcam\image_26.jpg --> ftp.a4jranch.com /public_html image_26.jpg
2011.04.27 08:57 B c:\ranchweb\webcam\image_27.jpg --> ftp.a4jranch.com /public_html image_27.jpg
2011.04.27 16:18 B c:\ranchweb\webcam\image_27.jpg --> ftp.a4jranch.com /public_html image_27.jpg
2011.04.27 16:36 B c:\ranchweb\webcam\image_27.jpg --> ftp.a4jranch.com /public_html image_27.jpg
2011.04.28 08:24 B c:\ranchweb\webcam\image_28.jpg --> ftp.a4jranch.com /public_html image_28.jpg
2011.04.29 08:17 B c:\ranchweb\webcam\image_29.jpg --> ftp.a4jranch.com /public_html image_29.jpg
2011.04.29 12:22 B c:\ranchweb\webcam\image_29.jpg --> ftp.a4jranch.com /public_html image_29.jpg
2011.04.30 08:15 B c:\ranchweb\webcam\image_30.jpg --> ftp.a4jranch.com /public_html image_30.jpg
2011.04.30 10:07 B c:\ranchweb\webcam\image_30.jpg --> ftp.a4jranch.com /public_html image_30.jpg
2011.05.01 09:27 B c:\ranchweb\webcam\image_1.jpg --> ftp.a4jranch.com /public_html image_1.jpg
2011.05.02 07:20 B c:\ranchweb\webcam\image_2.jpg --> ftp.a4jranch.com /public_html image_2.jpg
2011.05.02 07:22 B c:\ranchweb\webcam\image_2.jpg --> ftp.a4jranch.com /public_html image_2.jpg
2011.05.02 09:08 B c:\ranchweb\webcam\image_2.jpg --> ftp.a4jranch.com /public_html image_2.jpg
2011.05.03 07:28 B c:\ranchweb\webcam\image_3.jpg --> ftp.a4jranch.com /public_html image_3.jpg
2011.05.03 11:11 B c:\ranchweb\webcam\image_3a.jpg --> ftp.a4jranch.com /public_html image_3a.jpg
2011.05.03 11:13 B c:\ranchweb\webcam\image_3a.jpg --> ftp.a4jranch.com /public_html image_3a.jpg
2011.05.04 07:06 B c:\ranchweb\webcam\image_4.jpg --> ftp.a4jranch.com /public_html image_4.jpg
2011.05.04 15:05 B c:\ranchweb\webcam\image_4.jpg --> ftp.a4jranch.com /public_html image_4.jpg
2011.05.05 07:26 B c:\ranchweb\webcam\image_5.jpg --> ftp.a4jranch.com /public_html image_5.jpg
2011.05.06 08:29 B c:\ranchweb\webcam\image_6.jpg --> ftp.a4jranch.com /public_html image_6.jpg
2011.05.06 17:07 B c:\ranchweb\webcam\image_6.jpg --> ftp.a4jranch.com /public_html image_6.jpg
2011.05.07 08:19 B c:\ranchweb\webcam\image_7.jpg --> ftp.a4jranch.com /public_html image_7.jpg
2011.05.08 08:53 B c:\ranchweb\webcam\image_8.jpg --> ftp.a4jranch.com /public_html image_8.jpg
2011.05.08 14:22 B c:\ranchweb\webcam\image_8.jpg --> ftp.a4jranch.com /public_html image_8.jpg
2011.05.09 08:09 B c:\ranchweb\webcam\image_9.jpg --> ftp.a4jranch.com /public_html image_9.jpg
2011.05.09 09:27 B c:\ranchweb\webcam\image_9.jpg --> ftp.a4jranch.com /public_html image_9.jpg
2011.05.10 07:59 B c:\ranchweb\webcam\image_10.jpg --> ftp.a4jranch.com /public_html image_10.jpg
2011.05.11 08:33 B c:\ranchweb\webcam\image_11.jpg --> ftp.a4jranch.com /public_html image_11.jpg
2011.05.12 13:00 B c:\ranchweb\webcam\image_12.jpg --> ftp.a4jranch.com /public_html image_12.jpg
2011.05.13 09:04 B c:\ranchweb\webcam\image_13.jpg --> ftp.a4jranch.com /public_html image_13.jpg
2011.05.14 09:35 B c:\ranchweb\webcam\image_14.jpg --> ftp.a4jranch.com /public_html image_14.jpg
2011.05.15 08:00 B c:\ranchweb\webcam\image_15.jpg --> ftp.a4jranch.com /public_html image_15.jpg
2011.05.17 07:53 B c:\ranchweb\webcam\image_17.jpg --> ftp.a4jranch.com /public_html image_17.jpg
2011.05.17 13:32 B c:\ranchweb\webcam\image_17.jpg --> ftp.a4jranch.com /public_html image_17.jpg
2011.05.18 07:50 B c:\ranchweb\webcam\image_18.jpg --> ftp.a4jranch.com /public_html image_18.jpg
2011.05.18 07:59 B c:\ranchweb\webcam\image_18.jpg --> ftp.a4jranch.com /public_html image_18.jpg
2011.05.19 08:40 B c:\ranchweb\webcam\image_19.jpg --> ftp.a4jranch.com /public_html image_19.jpg
2011.05.20 09:39 B c:\ranchweb\webcam\image_20.jpg --> ftp.a4jranch.com /public_html image_20.jpg
2011.05.21 08:38 B c:\ranchweb\webcam\image_21.jpg --> ftp.a4jranch.com /public_html image_21.jpg
2011.05.24 08:07 B c:\ranchweb\webcam\henryhello.wmv --> ftp.a4jranch.com /public_html henryhello.wmv
2011.05.24 08:15 B c:\ranchweb\webcam\henryflight.wmv --> ftp.a4jranch.com /public_html henryflight.wmv
2011.05.25 07:20 B c:\ranchweb\webcam\guineaplay.wmv --> ftp.a4jranch.com /public_html guineaplay.wmv
2011.05.26 07:23 B c:\ranchweb\webcam\henryshow.wmv --> ftp.a4jranch.com /public_html henryshow.wmv
2011.05.26 09:35 B c:\ranchweb\webcam\henryshow.wmv --> ftp.a4jranch.com /public_html henryshow.wmv
2011.05.27 08:49 B c:\ranchweb\webcam\guineamorn.wmv --> ftp.a4jranch.com /public_html guineamorn.wmv
2011.05.28 07:56 B c:\ranchweb\webcam\emmawalk.wmv --> ftp.a4jranch.com /public_html emmawalk.wmv
2011.05.28 12:15 B c:\ranchweb\webcam\image_28.rv --> ftp.a4jranch.com /public_html image_28.rv
2011.05.29 08:29 B c:\ranchweb\webcam\guineahunt.wmv --> ftp.a4jranch.com /public_html guineahunt.wmv
2011.05.29 08:40 B c:\ranchweb\webcam\nicodiving.wmv --> ftp.a4jranch.com /public_html nicodiving.wmv
2011.05.29 10:38 B c:\ranchweb\webcam\emmawalk.rv --> ftp.a4jranch.com /public_html emmawalk.rv
2011.05.29 11:44 B c:\ranchweb\webcam\emmawalk.rv --> ftp.a4jranch.com /public_html/test emmawalk.rv
2011.05.29 14:51 B c:\ranchweb\webcam\emmawalk.wmv --> ftp.a4jranch.com /public_html/test emmawalk.wmv
2011.05.30 09:11 B c:\ranchweb\webcam\birdswater.wmv --> ftp.a4jranch.com /public_html birdswater.wmv
2011.05.31 07:21 B c:\ranchweb\webcam\henryhello.wmv --> ftp.a4jranch.com /public_html henryhello.wmv
2011.06.01 08:47 B c:\ranchweb\webcam\guineahunt.wmv --> ftp.a4jranch.com /public_html guineahunt.wmv
